              0       2.1000945      -2.1031895   0.00090004333   -4.337669e-21               0 
      6.0580692       2.1000945      -2.1031895   0.00090004333   -1.128476e-20               0 
      12.053484       2.1000945      -2.1031895   0.00090004333   1.3349268e-19               0 
      18.049934       2.1000945      -2.1031895   0.00090004333  -2.0146997e-19               0 
      24.045118       2.1000945      -2.1031895   0.00090004333  -1.9010761e-19               0 
       30.04117       2.1000945      -2.1031895   0.00090004333  -8.3521105e-20               0 
      36.036295       2.1000945      -2.1031895   0.00090004333  -1.6268601e-20               0 
      42.029267       2.1000945      -2.1031895   0.00090004333    1.299751e-19               0 
      48.020983       2.1000945      -2.1031895   0.00090004333  -2.1657015e-19               0 
      54.010493       2.1000945      -2.1031895   0.00090004333  -6.1263064e-22               0 
      60.077379       2.1000945      -2.1031895   0.00090004333  -2.7212174e-19               0 
      66.059806       2.1000945      -2.1031895   0.00090004333   2.6208184e-20               0 
       72.03713       2.1000945      -2.1031895   0.00090004333  -3.2217444e-20               0 
       78.00781       2.1000945      -2.1031895   0.00090004333   2.9396613e-19               0 
      84.052757       2.1000945      -2.1031895   0.00090004333   9.1247451e-19               0 
      90.007075       2.1000945      -2.1031895   0.00090004333    1.105938e-18               0 
      96.028514       2.1000945      -2.1031895   0.00090004333  -6.2135409e-19               0 
      102.03686       2.1000945      -2.1031895   0.00090004333   6.4718032e-19               0 
      108.02633       2.1000945      -2.1031895   0.00090004333   1.0344613e-18               0 
      114.06925       2.1000945      -2.1031895   0.00090004333  -3.1211675e-19               0 
      120.00263       2.1000945      -2.1031895   0.00090004333  -1.5165943e-18               0 
       126.0559       2.1000945      -2.1031895   0.00090004333  -3.2477443e-18               0 
       132.0632       2.1000945      -2.1031895   0.00090004333   1.7967554e-18               0 
      138.01366       2.1000945      -2.1031895   0.00090004333   5.2409535e-18               0 
      144.05052       2.1000945      -2.1031895   0.00090004333   2.1221716e-18               0 
       150.0109       2.1000945      -2.1031895   0.00090004333  -2.1639045e-20               0 
      156.03903       2.1000945      -2.1031895   0.00090004333   5.7446436e-18               0 
      162.05308       2.1000945      -2.1031895   0.00090004333  -3.8310175e-18               0 
      168.05454       2.1000945      -2.1031895   0.00090004333  -4.6192214e-18               0 
      174.06064       2.1000945      -2.1031895   0.00090004333    2.385847e-18               0 
      180.02341       2.1000945      -2.1031895   0.00090004333   -3.262215e-18               0 
      186.03183       2.1000945      -2.1031895   0.00090004333    8.154545e-18               0 
      192.03254       2.1000945      -2.1031895   0.00090004333  -1.3506787e-17               0 
      198.04206       2.1000945      -2.1031895   0.00090004333   5.7558536e-18               0 
      204.00226       2.1000945      -2.1031895   0.00090004333  -4.9130955e-18               0 
      210.05787       2.1000945      -2.1031895   0.00090004333  -1.2657491e-17               0 
      216.07039       2.1000945      -2.1031895   0.00090004333   1.5243106e-17               0 
      222.03366       2.1000945      -2.1031895   0.00090004333  -1.5812702e-17               0 
      228.06071       2.1000945      -2.1031895   0.00090004333  -1.4298578e-17               0 
      234.01124       2.1000945      -2.1031895   0.00090004333   4.6716911e-18               0 
      240.03229       2.1000945      -2.1031895   0.00090004333   1.0661908e-17               0 
      246.05956       2.1000945      -2.1031895   0.00090004333   2.2625243e-17               0 
      252.02205       2.1000945      -2.1031895   0.00090004333   1.2371644e-18               0 
      258.06338       2.1000945      -2.1031895   0.00090004333  -2.7092944e-18               0 
      264.03663       2.1000945      -2.1031895   0.00090004333   1.1958213e-17               0 
      270.00813       2.1000945      -2.1031895   0.00090004333  -8.0593531e-18               0 
      276.04964       2.1000945      -2.1031895   0.00090004333   5.2655671e-19               0 
       282.0247       2.1000945      -2.1031895   0.00090004333    1.277916e-17               0 
      288.01126       2.1000945      -2.1031895   0.00090004333   3.4622008e-18               0 
      294.01339       2.1000945      -2.1031895   0.00090004333   1.5079238e-18               0 
      300.03813       2.1000945      -2.1031895   0.00090004333   4.3658163e-18               0 
      306.07231       2.1000945      -2.1031895   0.00090004333   4.0078886e-18               0 
      312.04322       2.1000945      -2.1031895   0.00090004333   1.1423636e-17               0 
      318.02698       2.1000945      -2.1031895   0.00090004333  -7.8215883e-18               0 
      324.01819       2.1000945      -2.1031895   0.00090004333  -1.8696664e-18               0 
       330.0131       2.1000945      -2.1031895   0.00090004333   1.0654444e-17               0 
      336.01295       2.1000945      -2.1031895   0.00090004333  -1.8541287e-18               0 
      342.02177       2.1000945      -2.1031895   0.00090004333   1.1923901e-17               0 
      348.02954       2.1000945      -2.1031895   0.00090004333  -6.8367867e-18               0 
      354.03401       2.1000945      -2.1031895   0.00090004333   3.4527908e-18               0 
      360.04264       2.1000945      -2.1031895   0.00090004333   1.2843964e-17               0 
      366.05184       2.1000945      -2.1031895   0.00090004333  -6.0511372e-18               0 
      372.05938       2.1000945      -2.1031895   0.00090004333  -5.8025396e-18               0 
      378.06031       2.1000945      -2.1031895   0.00090004333   2.6948128e-17               0 
      384.05671       2.1000945      -2.1031895   0.00090004333   1.9054403e-18               0 
      390.04912       2.1000945      -2.1031895   0.00090004333  -3.2976085e-17               0 
      396.03801       2.1000945      -2.1031895   0.00090004333   1.2503801e-17               0 
      402.02384       2.1000945      -2.1031895   0.00090004333  -9.6813285e-18               0 
      408.01571       2.1000945      -2.1031895   0.00090004333   5.9223683e-18               0 
      414.01964       2.1000945      -2.1031895   0.00090004333   1.3260552e-17               0 
      420.03601       2.1000945      -2.1031895   0.00090004333   -1.877164e-18               0 
      426.06255       2.1000945      -2.1031895   0.00090004333  -2.4223356e-18               0 
       432.0151       2.1000945      -2.1031895   0.00090004333   1.4252573e-17               0 
      438.04068       2.1000945      -2.1031895   0.00090004333   4.1194256e-18               0 
      444.06304       2.1000945      -2.1031895   0.00090004333  -1.6739912e-17               0 
      450.00186       2.1000945      -2.1031895   0.00090004333  -1.3426505e-17               0 
      456.01266       2.1000945      -2.1031895   0.00090004333    4.577816e-18               0 
      462.02269       2.1000945      -2.1031895   0.00090004333   1.6023296e-17               0 
      468.02733       2.1000945      -2.1031895   0.00090004333   1.4212022e-18               0 
      474.03617       2.1000945      -2.1031895   0.00090004333   8.1228144e-18               0 
      480.04789       2.1000945      -2.1031895   0.00090004333   3.7245296e-18               0 
      486.05076       2.1000945      -2.1031895   0.00090004333  -8.7238967e-18               0 
      492.04704       2.1000945      -2.1031895   0.00090004333  -4.7895478e-18               0 
      498.04387       2.1000945      -2.1031895   0.00090004333  -4.1522614e-18               0 
      504.04386       2.1000945      -2.1031895   0.00090004333   1.2152673e-17               0 
       510.0532       2.1000945      -2.1031895   0.00090004333  -8.7002327e-18               0 
      516.00525       2.1000945      -2.1031895   0.00090004333   3.1553565e-18               0 
      522.04706       2.1000945      -2.1031895   0.00090004333   5.2114629e-18               0 
      528.02706       2.1000945      -2.1031895   0.00090004333   1.7407506e-17               0 
      534.07313       2.1000945      -2.1031895   0.00090004333  -8.0463101e-18               0 
      540.03087       2.1000945      -2.1031895   0.00090004333  -1.0863859e-18               0 
      546.05217       2.1000945      -2.1031895   0.00090004333  -3.8039985e-18               0 
      552.06819       2.1000945      -2.1031895   0.00090004333   1.0380601e-17               0 
      558.07165       2.1000945      -2.1031895   0.00090004333   1.6708519e-18               0 
      564.06958       2.1000945      -2.1031895   0.00090004333  -1.5150918e-17               0 
      570.00423       2.1000945      -2.1031895   0.00090004333   6.2413093e-19               0 
      576.01027       2.1000945      -2.1031895   0.00090004333   9.1949132e-18               0 
      582.01362       2.1000945      -2.1031895   0.00090004333   -1.165786e-17               0 
      588.01824       2.1000945      -2.1031895   0.00090004333  -3.8053882e-18               0 
      594.02303       2.1000945      -2.1031895   0.00090004333   9.4820044e-18               0 
            600       2.1000945      -2.1031895   0.00090004333  -2.6330019e-18               0 
            600       2.1000945      -2.1031895   0.00090004333  -2.6330019e-18               0 
