              0       1.0206207      -1.5078528       0.3385907               0               0 
     0.10002317       1.0206207      -1.5078528       0.3385907  -1.2072327e-35               0 
     0.20008113       1.0206207      -1.5078528       0.3385907  -2.3650946e-35               0 
     0.30108762       1.0206207      -1.5078528       0.3385907  -1.6927119e-36               0 
     0.40095456       1.0206207      -1.5078528       0.3385907  -5.8868757e-35               0 
     0.50082491       1.0206207      -1.5078528       0.3385907  -3.0750932e-35               0 
     0.60070876       1.0206207      -1.5078528       0.3385907   4.1424421e-35               0 
     0.70067911       1.0206207      -1.5078528       0.3385907   6.8225692e-35               0 
     0.80072301       1.0206207      -1.5078528       0.3385907   1.2968054e-34               0 
     0.90076816       1.0206207      -1.5078528       0.3385907   3.8838333e-35               0 
      1.0008109       1.0206207      -1.5078528       0.3385907    3.949661e-35               0 
      1.1008341       1.0206207      -1.5078528       0.3385907   1.0156271e-34               0 
      1.2008456       1.0206207      -1.5078528       0.3385907   1.6325266e-34               0 
      1.3008523       1.0206207      -1.5078528       0.3385907    2.456313e-34               0 
      1.4008577       1.0206207      -1.5078528       0.3385907   4.2214353e-34               0 
      1.5008646       1.0206207      -1.5078528       0.3385907   1.1228322e-34               0 
      1.6008774       1.0206207      -1.5078528       0.3385907   6.4699209e-35               0 
      1.7008067       1.0206207      -1.5078528       0.3385907  -2.5578757e-35               0 
      1.8006444       1.0206207      -1.5078528       0.3385907   1.0532429e-35               0 
      1.9004723       1.0206207      -1.5078528       0.3385907  -2.9039412e-34               0 
      2.0002994       1.0206207      -1.5078528       0.3385907  -4.7922554e-34               0 
      2.1001269       1.0206207      -1.5078528       0.3385907  -5.9056836e-34               0 
      2.2010778       1.0206207      -1.5078528       0.3385907  -4.0625085e-34               0 
      2.3009082       1.0206207      -1.5078528       0.3385907  -4.3671966e-34               0 
      2.4007425       1.0206207      -1.5078528       0.3385907  -3.5960723e-34               0 
      2.5007144       1.0206207      -1.5078528       0.3385907   -4.449011e-34               0 
      2.6009136       1.0206207      -1.5078528       0.3385907  -7.1544113e-34               0 
      2.7000624       1.0206207      -1.5078528       0.3385907  -6.6203842e-34               0 
      2.8003744       1.0206207      -1.5078528       0.3385907  -5.4448898e-34               0 
        2.90049       1.0206207      -1.5078528       0.3385907  -8.7748302e-34               0 
      3.0005302       1.0206207      -1.5078528       0.3385907  -1.0185659e-33               0 
      3.1006306       1.0206207      -1.5078528       0.3385907  -7.0661316e-34               0 
      3.2007218       1.0206207      -1.5078528       0.3385907  -7.0115887e-34               0 
       3.300798       1.0206207      -1.5078528       0.3385907   -6.967155e-34               0 
      3.4008416       1.0206207      -1.5078528       0.3385907  -7.0228734e-34               0 
      3.5008473       1.0206207      -1.5078528       0.3385907  -7.4488726e-34               0 
      3.6008324       1.0206207      -1.5078528       0.3385907  -3.7258469e-34               0 
      3.7008021       1.0206207      -1.5078528       0.3385907  -4.8862949e-34               0 
      3.8007605       1.0206207      -1.5078528       0.3385907  -5.5723134e-34               0 
      3.9007264       1.0206207      -1.5078528       0.3385907  -6.4920202e-34               0 
      4.0006754       1.0206207      -1.5078528       0.3385907  -5.4862672e-34               0 
      4.1005392       1.0206207      -1.5078528       0.3385907  -3.1149425e-34               0 
      4.2003644       1.0206207      -1.5078528       0.3385907  -2.7610011e-34               0 
       4.300172       1.0206207      -1.5078528       0.3385907  -1.1408173e-34               0 
      4.4010995       1.0206207      -1.5078528       0.3385907   1.9964596e-34               0 
      4.5008983       1.0206207      -1.5078528       0.3385907   8.3695198e-36               0 
       4.600697       1.0206207      -1.5078528       0.3385907    3.490748e-34               0 
      4.7005045       1.0206207      -1.5078528       0.3385907   2.3923661e-34               0 
       4.800333       1.0206207      -1.5078528       0.3385907   3.5697412e-34               0 
      4.9001776       1.0206207      -1.5078528       0.3385907   2.0312542e-34               0 
      5.0001706       1.0206207      -1.5078528       0.3385907   8.2378644e-35               0 
      5.1001731       1.0206207      -1.5078528       0.3385907  -7.9369379e-35               0 
      5.2002011       1.0206207      -1.5078528       0.3385907   7.4103164e-35               0 
      5.3004001       1.0206207      -1.5078528       0.3385907  -1.1134282e-34               0 
       5.400812       1.0206207      -1.5078528       0.3385907   -2.698935e-34               0 
      5.5001278       1.0206207      -1.5078528       0.3385907  -5.1157514e-34               0 
      5.6004283       1.0206207      -1.5078528       0.3385907  -5.3640158e-34               0 
       5.700519       1.0206207      -1.5078528       0.3385907  -8.3695198e-34               0 
      5.8005698       1.0206207      -1.5078528       0.3385907  -5.9408897e-34               0 
      5.9006075       1.0206207      -1.5078528       0.3385907  -6.1913287e-34               0 
      6.0006224       1.0206207      -1.5078528       0.3385907  -8.6036783e-34               0 
      6.1006041       1.0206207      -1.5078528       0.3385907  -1.1159144e-33               0 
       6.200567       1.0206207      -1.5078528       0.3385907  -1.0301092e-33               0 
      6.3005223       1.0206207      -1.5078528       0.3385907  -1.0144046e-33               0 
      6.4004325       1.0206207      -1.5078528       0.3385907  -1.3494205e-33               0 
      6.5002905       1.0206207      -1.5078528       0.3385907  -1.6198312e-33               0 
      6.6000986       1.0206207      -1.5078528       0.3385907  -1.7284469e-33               0 
      6.7010118       1.0206207      -1.5078528       0.3385907  -1.7295754e-33               0 
      6.8008153       1.0206207      -1.5078528       0.3385907  -1.8031143e-33               0 
      6.9006254       1.0206207      -1.5078528       0.3385907  -1.3372424e-33               0 
      7.0004374       1.0206207      -1.5078528       0.3385907  -1.0532429e-33               0 
       7.100261       1.0206207      -1.5078528       0.3385907  -9.3964316e-34               0 
      7.2000956       1.0206207      -1.5078528       0.3385907  -1.3022597e-33               0 
      7.3010833       1.0206207      -1.5078528       0.3385907  -7.3915085e-34               0 
      7.4010139       1.0206207      -1.5078528       0.3385907  -7.6360113e-34               0 
      7.5009885       1.0206207      -1.5078528       0.3385907  -4.3954085e-34               0 
      7.6009695       1.0206207      -1.5078528       0.3385907  -5.4495918e-34               0 
       7.700962       1.0206207      -1.5078528       0.3385907  -2.3387636e-34               0 
      7.8009685       1.0206207      -1.5078528       0.3385907  -3.0224311e-34               0 
        7.90103       1.0206207      -1.5078528       0.3385907  -6.6824503e-34               0 
       8.000154       1.0206207      -1.5078528       0.3385907  -4.7847322e-34               0 
      8.1006054       1.0206207      -1.5078528       0.3385907    -4.49415e-34               0 
      8.2010807       1.0206207      -1.5078528       0.3385907  -3.7244363e-34               0 
      8.3002042       1.0206207      -1.5078528       0.3385907  -2.1741944e-34               0 
      8.4002414       1.0206207      -1.5078528       0.3385907  -5.4147972e-34               0 
      8.5002614       1.0206207      -1.5078528       0.3385907  -5.1796983e-34               0 
      8.6002815       1.0206207      -1.5078528       0.3385907  -4.5044944e-34               0 
      8.7002861       1.0206207      -1.5078528       0.3385907  -3.2923246e-34               0 
       8.800179       1.0206207      -1.5078528       0.3385907    5.623565e-35               0 
      8.9000225       1.0206207      -1.5078528       0.3385907   4.4424283e-34               0 
       9.000956       1.0206207      -1.5078528       0.3385907  -7.2480982e-35               0 
      9.1007394       1.0206207      -1.5078528       0.3385907   -5.362135e-34               0 
      9.2005195       1.0206207      -1.5078528       0.3385907  -4.6211034e-34               0 
      9.3003232       1.0206207      -1.5078528       0.3385907  -4.2347184e-34               0 
      9.4001369       1.0206207      -1.5078528       0.3385907  -5.6716427e-34               0 
      9.5010848       1.0206207      -1.5078528       0.3385907  -3.6242842e-34               0 
      9.6009422       1.0206207      -1.5078528       0.3385907  -2.4092932e-34               0 
      9.7008377       1.0206207      -1.5078528       0.3385907  -4.5472823e-34               0 
      9.8007791       1.0206207      -1.5078528       0.3385907   -6.334504e-34               0 
      9.9007399       1.0206207      -1.5078528       0.3385907  -8.5914531e-34               0 
             10       1.0206207      -1.5078528       0.3385907  -4.7424144e-34               0 
             10       1.0206207      -1.5078528       0.3385907  -4.7424144e-34               0 
