              0           1.125       -1.125275               0               0               0 
     0.22699962           1.125       -1.125275   8.4703295e-22               0               0 
     0.41906021           1.125       -1.125275   -2.646978e-21               0               0 
      0.6538688           1.125       -1.125275  -4.6661258e-21               0               0 
     0.82564003           1.125       -1.125275  -3.4940109e-21               0               0 
      1.0533187           1.125       -1.125275   8.7077303e-21               0               0 
      1.2223906           1.125       -1.125275   2.1705219e-21               0               0 
      1.4467541           1.125       -1.125275  -1.5723049e-20               0               0 
       1.614392           1.125       -1.125275   -1.805239e-20               0               0 
      1.8377607           1.125       -1.125275  -8.9997251e-22               0               0 
      2.0052248           1.125       -1.125275  -4.0366414e-20               0               0 
      2.2288004           1.125       -1.125275  -1.7814162e-20               0               0 
      2.4527379           1.125       -1.125275   8.2056317e-21               0               0 
      2.6208884           1.125       -1.125275   7.2130149e-21               0               0 
      2.8452483           1.125       -1.125275   1.5087774e-20               0               0 
      3.0135408           1.125       -1.125275   -8.523269e-21               0               0 
      3.2378158           1.125       -1.125275  -1.9389114e-20               0               0 
      3.4059662           1.125       -1.125275   4.8108824e-21               0               0 
      3.6301322           1.125       -1.125275   4.1160507e-20               0               0 
      3.8543416           1.125       -1.125275  -2.4894828e-20               0               0 
      4.0225699           1.125       -1.125275   3.1869615e-20               0               0 
      4.2470278           1.125       -1.125275   7.4777127e-22               0               0 
      4.4154541           1.125       -1.125275   9.2362987e-21               0               0 
      4.6400858           1.125       -1.125275    -1.93461e-20               0               0 
      4.8085788           1.125       -1.125275  -7.3660434e-21               0               0 
      5.0331892           1.125       -1.125275  -2.5717045e-20               0               0 
      5.2016269           1.125       -1.125275    -1.43384e-20               0               0 
      5.4262038           1.125       -1.125275  -7.1464683e-20               0               0 
      5.6508143           1.125       -1.125275  -5.6488164e-21               0               0 
      5.8193214           1.125       -1.125275   3.1101991e-21               0               0 
      6.0440815           1.125       -1.125275  -3.0781148e-20               0               0 
      6.2127046           1.125       -1.125275  -5.6579154e-20               0               0 
      6.4375711           1.125       -1.125275   1.2308448e-20               0               0 
       6.606218           1.125       -1.125275  -9.9261674e-21               0               0 
      6.8310323           1.125       -1.125275   1.9389114e-20               0               0 
       7.055805           1.125       -1.125275  -5.7770294e-20               0               0 
      7.2243775           1.125       -1.125275  -2.4252936e-20               0               0 
      7.4491621           1.125       -1.125275   4.1689903e-22               0               0 
      7.6177902           1.125       -1.125275  -6.4586262e-21               0               0 
      7.8426876           1.125       -1.125275   3.5476122e-20               0               0 
      8.0114019           1.125       -1.125275    3.783855e-20               0               0 
      8.2363794           1.125       -1.125275  -8.4848879e-20               0               0 
      8.4051007           1.125       -1.125275  -4.0217521e-21               0               0 
       8.630039           1.125       -1.125275  -5.0458017e-22               0               0 
      8.8549627           1.125       -1.125275  -2.8971174e-20               0               0 
      9.0236629           1.125       -1.125275  -1.2305966e-20               0               0 
      9.2486229           1.125       -1.125275   5.7308727e-20               0               0 
       9.417371           1.125       -1.125275   2.0648496e-21               0               0 
      9.6424136           1.125       -1.125275  -4.6924715e-20               0               0 
      9.8112217           1.125       -1.125275    6.187311e-20               0               0 
      10.036308           1.125       -1.125275   3.2210206e-20               0               0 
      10.205105           1.125       -1.125275  -1.2944384e-19               0               0 
      10.430141           1.125       -1.125275  -4.9372756e-20               0               0 
      10.655157           1.125       -1.125275  -8.7469387e-20               0               0 
      10.823925           1.125       -1.125275   5.1807976e-20               0               0 
      11.048973           1.125       -1.125275   1.5269754e-19               0               0 
      11.217787           1.125       -1.125275   1.4002844e-19               0               0 
      11.442924           1.125       -1.125275   1.2876886e-19               0               0 
      11.611806           1.125       -1.125275  -3.3879994e-19               0               0 
      11.836991           1.125       -1.125275   9.3891617e-20               0               0 
      12.005875           1.125       -1.125275   5.4986004e-20               0               0 
      12.231034           1.125       -1.125275  -5.6883556e-20               0               0 
      12.456183           1.125       -1.125275   1.7578912e-19               0               0 
      12.625053           1.125       -1.125275  -5.4302753e-20               0               0 
      12.850229           1.125       -1.125275   3.1037306e-19               0               0 
       13.01913           1.125       -1.125275   3.5062532e-20               0               0 
      13.244368           1.125       -1.125275   3.8463898e-20               0               0 
      13.413313           1.125       -1.125275  -8.8104351e-20               0               0 
      13.638571           1.125       -1.125275  -1.3465011e-19               0               0 
      13.807502           1.125       -1.125275  -1.6546921e-19               0               0 
      14.032723           1.125       -1.125275   1.0144543e-19               0               0 
      14.201641           1.125       -1.125275   1.6760664e-19               0               0 
      14.426879           1.125       -1.125275  -6.8344971e-20               0               0 
      14.652141           1.125       -1.125275   2.0837011e-19               0               0 
      14.821114           1.125       -1.125275   4.2090258e-20               0               0 
      15.046443           1.125       -1.125275   1.2573145e-21               0               0 
      15.215453           1.125       -1.125275   1.0316597e-20               0               0 
      15.440801           1.125       -1.125275  -8.3621342e-20               0               0 
      15.609803           1.125       -1.125275   3.5562149e-20               0               0 
      15.835131           1.125       -1.125275   9.8692573e-20               0               0 
      16.004127           1.125       -1.125275   1.3432586e-20               0               0 
      16.229465           1.125       -1.125275  -1.5642813e-19               0               0 
      16.454819           1.125       -1.125275  -1.9890054e-19               0               0 
      16.623853           1.125       -1.125275   9.5748637e-20               0               0 
      16.849249           1.125       -1.125275   7.5286671e-20               0               0 
      17.018302           1.125       -1.125275   -2.025298e-19               0               0 
      17.243706           1.125       -1.125275   2.8715989e-20               0               0 
      17.412754           1.125       -1.125275   3.1748536e-20               0               0 
      17.638148           1.125       -1.125275  -7.8641922e-20               0               0 
      17.807198           1.125       -1.125275   9.4735341e-20               0               0 
      18.032609           1.125       -1.125275  -1.0519752e-19               0               0 
      18.201684           1.125       -1.125275  -7.8648333e-20               0               0 
      18.427135           1.125       -1.125275   1.4010123e-19               0               0 
      18.652603           1.125       -1.125275   1.3168715e-20               0               0 
       18.82171           1.125       -1.125275   4.4637975e-20               0               0 
       19.04718           1.125       -1.125275  -6.2931901e-21               0               0 
      19.216269           1.125       -1.125275   4.0978528e-21               0               0 
      19.441711           1.125       -1.125275    1.114113e-19               0               0 
      19.610796           1.125       -1.125275  -9.7865393e-20               0               0 
      19.836258           1.125       -1.125275   1.1938532e-19               0               0 
             20           1.125       -1.125275  -1.1451488e-19               0               0 
             20           1.125       -1.125275  -1.1451488e-19               0               0 
